Build started 9/28/2014 10:20:02 PM.
     1>Project "C:\Users\Samantha\Documents\GitHub\Project2-StreamCompaction\Project2\Samantha Cohen-Project-1-2\Samantha Cohen-Project-1-2.vcxproj" on node 2 (build target(s)).
     1>InitializeBuildStatus:
         Creating "Debug\Samantha Cohen-Project-1-2.unsuccessfulbuild" because "AlwaysCreate" was specified.
       AddCudaCompileDeps:
         C:\Program Files (x86)\Microsoft Visual Studio 10.0\VC\bin\cl.exe /E /nologo /showIncludes /TP /D__CUDACC__ /D_MBCS /I"C:\Program Files\NVIDIA GPU Computing Toolkit\CUDA\v6.5\include" /I"C:\Program Files\NVIDIA GPU Computing Toolkit\CUDA\v6.5\bin" /I"C:\Program Files\NVIDIA GPU Computing Toolkit\CUDA\v6.5\include" /I. /FIcuda_runtime.h /c "C:\Users\Samantha\Documents\GitHub\Project2-StreamCompaction\Project2\Samantha Cohen-Project-1-2\stream_compaction.cu" 
       AddCudaCompilePropsDeps:
       Skipping target "AddCudaCompilePropsDeps" because all output files are up-to-date with respect to the input files.
       CudaBuild:
         Compiling CUDA source file stream_compaction.cu...
         cmd.exe /C "C:\Users\Samantha\AppData\Local\Temp\tmp344e84507b37444f807e355ac3b12011.cmd"
         "C:\Program Files\NVIDIA GPU Computing Toolkit\CUDA\v6.5\bin\nvcc.exe" -gencode=arch=compute_20,code=\"sm_20,compute_20\" --use-local-env --cl-version 2010 -ccbin "C:\Program Files (x86)\Microsoft Visual Studio 10.0\VC\bin"  -I"C:\Program Files\NVIDIA GPU Computing Toolkit\CUDA\v6.5\include" -I"C:\Program Files\NVIDIA GPU Computing Toolkit\CUDA\v6.5\include"  -G   --keep-dir Debug -maxrregcount=0  --machine 32 --compile -cudart static  -g   -D_MBCS -Xcompiler "/EHsc /W3 /nologo /Od /Zi /RTC1 /MDd  " -o Debug\stream_compaction.cu.obj "C:\Users\Samantha\Documents\GitHub\Project2-StreamCompaction\Project2\Samantha Cohen-Project-1-2\stream_compaction.cu"
         
         C:\Users\Samantha\Documents\GitHub\Project2-StreamCompaction\Project2\Samantha Cohen-Project-1-2>"C:\Program Files\NVIDIA GPU Computing Toolkit\CUDA\v6.5\bin\nvcc.exe" -gencode=arch=compute_20,code=\"sm_20,compute_20\" --use-local-env --cl-version 2010 -ccbin "C:\Program Files (x86)\Microsoft Visual Studio 10.0\VC\bin"  -I"C:\Program Files\NVIDIA GPU Computing Toolkit\CUDA\v6.5\include" -I"C:\Program Files\NVIDIA GPU Computing Toolkit\CUDA\v6.5\include"  -G   --keep-dir Debug -maxrregcount=0  --machine 32 --compile -cudart static  -g   -D_MBCS -Xcompiler "/EHsc /W3 /nologo /Od /Zi /RTC1 /MDd  " -o Debug\stream_compaction.cu.obj "C:\Users\Samantha\Documents\GitHub\Project2-StreamCompaction\Project2\Samantha Cohen-Project-1-2\stream_compaction.cu" 
     1>C:/Users/Samantha/Documents/GitHub/Project2-StreamCompaction/Project2/Samantha Cohen-Project-1-2/stream_compaction.cu(191): error : expression must have integral or enum type
         
     1>C:/Users/Samantha/Documents/GitHub/Project2-StreamCompaction/Project2/Samantha Cohen-Project-1-2/stream_compaction.cu(164): warning : variable "extra_space" was declared but never referenced
         
     1>C:/Users/Samantha/Documents/GitHub/Project2-StreamCompaction/Project2/Samantha Cohen-Project-1-2/stream_compaction.cu(166): warning : variable "sharedMemorySize" was declared but never referenced
         
     1>C:/Users/Samantha/Documents/GitHub/Project2-StreamCompaction/Project2/Samantha Cohen-Project-1-2/stream_compaction.cu(216): warning : variable "extra_space" was declared but never referenced
         
     1>C:/Users/Samantha/Documents/GitHub/Project2-StreamCompaction/Project2/Samantha Cohen-Project-1-2/stream_compaction.cu(250): warning : variable "extra_space" was declared but never referenced
         
     1>C:/Users/Samantha/Documents/GitHub/Project2-StreamCompaction/Project2/Samantha Cohen-Project-1-2/stream_compaction.cu(281): warning : variable "extra_space" was declared but never referenced
         
     1>C:/Users/Samantha/Documents/GitHub/Project2-StreamCompaction/Project2/Samantha Cohen-Project-1-2/stream_compaction.cu(422): warning : variable "extra_space" was declared but never referenced
         
     1>C:/Users/Samantha/Documents/GitHub/Project2-StreamCompaction/Project2/Samantha Cohen-Project-1-2/stream_compaction.cu(469): warning : variable "extra_space" was declared but never referenced
         
     1>C:/Users/Samantha/Documents/GitHub/Project2-StreamCompaction/Project2/Samantha Cohen-Project-1-2/stream_compaction.cu(605): warning : variable "size" was declared but never referenced
         
     1>C:/Users/Samantha/Documents/GitHub/Project2-StreamCompaction/Project2/Samantha Cohen-Project-1-2/stream_compaction.cu(606): warning : variable "numBlocks" was declared but never referenced
         
         1 error detected in the compilation of "C:/Users/Samantha/AppData/Local/Temp/tmpxft_00010d34_00000000-5_stream_compaction.cpp1.ii".
         stream_compaction.cu
     1>C:\Program Files (x86)\MSBuild\Microsoft.Cpp\v4.0\BuildCustomizations\CUDA 6.5.targets(593,9): error MSB3721: The command ""C:\Program Files\NVIDIA GPU Computing Toolkit\CUDA\v6.5\bin\nvcc.exe" -gencode=arch=compute_20,code=\"sm_20,compute_20\" --use-local-env --cl-version 2010 -ccbin "C:\Program Files (x86)\Microsoft Visual Studio 10.0\VC\bin"  -I"C:\Program Files\NVIDIA GPU Computing Toolkit\CUDA\v6.5\include" -I"C:\Program Files\NVIDIA GPU Computing Toolkit\CUDA\v6.5\include"  -G   --keep-dir Debug -maxrregcount=0  --machine 32 --compile -cudart static  -g   -D_MBCS -Xcompiler "/EHsc /W3 /nologo /Od /Zi /RTC1 /MDd  " -o Debug\stream_compaction.cu.obj "C:\Users\Samantha\Documents\GitHub\Project2-StreamCompaction\Project2\Samantha Cohen-Project-1-2\stream_compaction.cu"" exited with code 2.
     1>Done Building Project "C:\Users\Samantha\Documents\GitHub\Project2-StreamCompaction\Project2\Samantha Cohen-Project-1-2\Samantha Cohen-Project-1-2.vcxproj" (build target(s)) -- FAILED.

Build FAILED.

Time Elapsed 00:00:04.23
